# JRE version: Java(TM) SE Runtime Environment (23.0.2+7) (build 23.0.2+7-58)
# Java VM: Java HotSpot(TM) 64-Bit Server VM (23.0.2+7-58, mixed mode, sharing, tiered, compressed oops, compressed class ptrs, g1 gc, windows-amd64)
GC Precious Log:
 CardTable entry size: 512
 Card Set container configuration: InlinePtr #cards 4 size 8 Array Of Cards #cards 16 size 48 Howl #buckets 8 coarsen threshold 3686 Howl Bitmap #cards 512 size 80 coarsen threshold 460 Card regions per heap region 1 cards per card region 4096
 CPUs: 4 total, 4 available
 Memory: 12055M
 Large Page Support: Disabled
 NUMA Support: Disabled
 Compressed Oops: Enabled (Zero based)
 Heap Region Size: 2M
 Heap Min Capacity: 8M
 Heap Initial Capacity: 190M
 Heap Max Capacity: 3014M
 Pre-touch: Disabled
 Parallel Workers: 4
 Concurrent Workers: 1
 Concurrent Refinement Workers: 4
 Periodic GC: Disabled
Heap:
 garbage-first heap   total reserved 3086336K, committed 92160K, used 63460K [0x0000000743a00000, 0x0000000800000000)
  region size 2048K, 12 young (24576K), 1 survivors (2048K)
 Metaspace       used 104105K, committed 105088K, reserved 1179648K
  class space    used 13739K, committed 14272K, reserved 1048576K
GC Heap History (20 events):
Event: 6754.696 GC heap before
{Heap before GC invocations=78 (full 0):
 garbage-first heap   total reserved 3086336K, committed 92160K, used 82202K [0x0000000743a00000, 0x0000000800000000)
  region size 2048K, 20 young (40960K), 1 survivors (2048K)
 Metaspace       used 103350K, committed 104448K, reserved 1179648K
  class space    used 13667K, committed 14272K, reserved 1048576K
}
Event: 6754.712 GC heap after
{Heap after GC invocations=79 (full 0):
 garbage-first heap   total reserved 3086336K, committed 92160K, used 42274K [0x0000000743a00000, 0x0000000800000000)
  region size 2048K, 1 young (2048K), 1 survivors (2048K)
 Metaspace       used 103350K, committed 104448K, reserved 1179648K
  class space    used 13667K, committed 14272K, reserved 1048576K
}
Event: 7040.413 GC heap before
{Heap before GC invocations=79 (full 0):
 garbage-first heap   total reserved 3086336K, committed 92160K, used 81186K [0x0000000743a00000, 0x0000000800000000)
  region size 2048K, 20 young (40960K), 1 survivors (2048K)
 Metaspace       used 103381K, committed 104448K, reserved 1179648K
  class space    used 13667K, committed 14272K, reserved 1048576K
}
Event: 7040.418 GC heap after
{Heap after GC invocations=80 (full 0):
 garbage-first heap   total reserved 3086336K, committed 92160K, used 42572K [0x0000000743a00000, 0x0000000800000000)
  region size 2048K, 1 young (2048K), 1 survivors (2048K)
 Metaspace       used 103381K, committed 104448K, reserved 1179648K
  class space    used 13667K, committed 14272K, reserved 1048576K
}
Event: 7307.881 GC heap before
{Heap before GC invocations=81 (full 0):
 garbage-first heap   total reserved 3086336K, committed 92160K, used 81484K [0x0000000743a00000, 0x0000000800000000)
  region size 2048K, 20 young (40960K), 1 survivors (2048K)
 Metaspace       used 103417K, committed 104512K, reserved 1179648K
  class space    used 13667K, committed 14272K, reserved 1048576K
}
Event: 7307.884 GC heap after
{Heap after GC invocations=82 (full 0):
 garbage-first heap   total reserved 3086336K, committed 92160K, used 42996K [0x0000000743a00000, 0x0000000800000000)
  region size 2048K, 1 young (2048K), 1 survivors (2048K)
 Metaspace       used 103417K, committed 104512K, reserved 1179648K
  class space    used 13667K, committed 14272K, reserved 1048576K
}
Event: 7570.473 GC heap before
{Heap before GC invocations=82 (full 0):
 garbage-first heap   total reserved 3086336K, committed 92160K, used 81908K [0x0000000743a00000, 0x0000000800000000)
  region size 2048K, 20 young (40960K), 1 survivors (2048K)
 Metaspace       used 103488K, committed 104576K, reserved 1179648K
  class space    used 13667K, committed 14272K, reserved 1048576K
}
Event: 7570.480 GC heap after
{Heap after GC invocations=83 (full 0):
 garbage-first heap   total reserved 3086336K, committed 92160K, used 42374K [0x0000000743a00000, 0x0000000800000000)
  region size 2048K, 1 young (2048K), 1 survivors (2048K)
 Metaspace       used 103488K, committed 104576K, reserved 1179648K
  class space    used 13667K, committed 14272K, reserved 1048576K
}
Event: 7845.848 GC heap before
{Heap before GC invocations=83 (full 0):
 garbage-first heap   total reserved 3086336K, committed 92160K, used 81286K [0x0000000743a00000, 0x0000000800000000)
  region size 2048K, 20 young (40960K), 1 survivors (2048K)
 Metaspace       used 103573K, committed 104640K, reserved 1179648K
  class space    used 13667K, committed 14272K, reserved 1048576K
}
Event: 7845.851 GC heap after
{Heap after GC invocations=84 (full 0):
 garbage-first heap   total reserved 3086336K, committed 92160K, used 42486K [0x0000000743a00000, 0x0000000800000000)
  region size 2048K, 1 young (2048K), 1 survivors (2048K)
 Metaspace       used 103573K, committed 104640K, reserved 1179648K
  class space    used 13667K, committed 14272K, reserved 1048576K
}
Event: 8116.080 GC heap before
{Heap before GC invocations=85 (full 0):
 garbage-first heap   total reserved 3086336K, committed 92160K, used 81398K [0x0000000743a00000, 0x0000000800000000)
  region size 2048K, 20 young (40960K), 1 survivors (2048K)
 Metaspace       used 103630K, committed 104704K, reserved 1179648K
  class space    used 13668K, committed 14272K, reserved 1048576K
}
Event: 8116.085 GC heap after
{Heap after GC invocations=86 (full 0):
 garbage-first heap   total reserved 3086336K, committed 92160K, used 42605K [0x0000000743a00000, 0x0000000800000000)
  region size 2048K, 1 young (2048K), 1 survivors (2048K)
 Metaspace       used 103630K, committed 104704K, reserved 1179648K
  class space    used 13668K, committed 14272K, reserved 1048576K
}
Event: 8396.237 GC heap before
{Heap before GC invocations=86 (full 0):
 garbage-first heap   total reserved 3086336K, committed 92160K, used 81517K [0x0000000743a00000, 0x0000000800000000)
  region size 2048K, 20 young (40960K), 1 survivors (2048K)
 Metaspace       used 103833K, committed 104768K, reserved 1179648K
  class space    used 13701K, committed 14272K, reserved 1048576K
}
Event: 8396.244 GC heap after
{Heap after GC invocations=87 (full 0):
 garbage-first heap   total reserved 3086336K, committed 92160K, used 42228K [0x0000000743a00000, 0x0000000800000000)
  region size 2048K, 1 young (2048K), 1 survivors (2048K)
 Metaspace       used 103833K, committed 104768K, reserved 1179648K
  class space    used 13701K, committed 14272K, reserved 1048576K
}
Event: 8676.619 GC heap before
{Heap before GC invocations=87 (full 0):
 garbage-first heap   total reserved 3086336K, committed 92160K, used 81140K [0x0000000743a00000, 0x0000000800000000)
  region size 2048K, 20 young (40960K), 1 survivors (2048K)
 Metaspace       used 103925K, committed 104896K, reserved 1179648K
  class space    used 13713K, committed 14272K, reserved 1048576K
}
Event: 8676.622 GC heap after
{Heap after GC invocations=88 (full 0):
 garbage-first heap   total reserved 3086336K, committed 92160K, used 42534K [0x0000000743a00000, 0x0000000800000000)
  region size 2048K, 1 young (2048K), 1 survivors (2048K)
 Metaspace       used 103925K, committed 104896K, reserved 1179648K
  class space    used 13713K, committed 14272K, reserved 1048576K
}
Event: 8908.153 GC heap before
{Heap before GC invocations=89 (full 0):
 garbage-first heap   total reserved 3086336K, committed 92160K, used 79398K [0x0000000743a00000, 0x0000000800000000)
  region size 2048K, 20 young (40960K), 1 survivors (2048K)
 Metaspace       used 103995K, committed 104896K, reserved 1179648K
  class space    used 13717K, committed 14272K, reserved 1048576K
}
Event: 8908.158 GC heap after
{Heap after GC invocations=90 (full 0):
 garbage-first heap   total reserved 3086336K, committed 92160K, used 43696K [0x0000000743a00000, 0x0000000800000000)
  region size 2048K, 1 young (2048K), 1 survivors (2048K)
 Metaspace       used 103995K, committed 104896K, reserved 1179648K
  class space    used 13717K, committed 14272K, reserved 1048576K
}
Event: 9198.172 GC heap before
{Heap before GC invocations=90 (full 0):
 garbage-first heap   total reserved 3086336K, committed 92160K, used 82608K [0x0000000743a00000, 0x0000000800000000)
  region size 2048K, 20 young (40960K), 1 survivors (2048K)
 Metaspace       used 104027K, committed 105024K, reserved 1179648K
  class space    used 13717K, committed 14272K, reserved 1048576K
}
Event: 9198.188 GC heap after
{Heap after GC invocations=91 (full 0):
 garbage-first heap   total reserved 3086336K, committed 92160K, used 42980K [0x0000000743a00000, 0x0000000800000000)
  region size 2048K, 1 young (2048K), 1 survivors (2048K)
 Metaspace       used 104027K, committed 105024K, reserved 1179648K
  class space    used 13717K, committed 14272K, reserved 1048576K
}

