# JRE version: Java(TM) SE Runtime Environment (17.0.12+8) (build 17.0.12+8-LTS-286)
# Java VM: Java HotSpot(TM) 64-Bit Server VM (17.0.12+8-LTS-286, mixed mode, sharing, tiered, compressed oops, compressed class ptrs, g1 gc, windows-amd64)
GC Precious Log:
 CPUs: 4 total, 4 available
 Memory: 12055M
 Large Page Support: Disabled
 NUMA Support: Disabled
 Compressed Oops: Enabled (Zero based)
 Heap Region Size: 2M
 Heap Min Capacity: 8M
 Heap Initial Capacity: 190M
 Heap Max Capacity: 3014M
 Pre-touch: Disabled
 Parallel Workers: 4
 Concurrent Workers: 1
 Concurrent Refinement Workers: 4
 Periodic GC: Disabled
Heap:
 garbage-first heap   total 194560K, used 97273K [0x0000000743a00000, 0x0000000800000000)
  region size 2048K, 1 young (2048K), 1 survivors (2048K)
 Metaspace       used 91852K, committed 92416K, reserved 1179648K
  class space    used 12458K, committed 12736K, reserved 1048576K
GC Heap History (20 events):
Event: 19.418 GC heap after
{Heap after GC invocations=29 (full 0):
 garbage-first heap   total 92160K, used 51574K [0x0000000743a00000, 0x0000000800000000)
  region size 2048K, 2 young (4096K), 2 survivors (4096K)
 Metaspace       used 88048K, committed 88640K, reserved 1179648K
  class space    used 11824K, committed 12096K, reserved 1048576K
}
Event: 19.849 GC heap before
{Heap before GC invocations=30 (full 0):
 garbage-first heap   total 100352K, used 72054K [0x0000000743a00000, 0x0000000800000000)
  region size 2048K, 13 young (26624K), 2 survivors (4096K)
 Metaspace       used 89799K, committed 90432K, reserved 1179648K
  class space    used 12201K, committed 12480K, reserved 1048576K
}
Event: 19.858 GC heap after
{Heap after GC invocations=31 (full 0):
 garbage-first heap   total 100352K, used 56854K [0x0000000743a00000, 0x0000000800000000)
  region size 2048K, 2 young (4096K), 2 survivors (4096K)
 Metaspace       used 89799K, committed 90432K, reserved 1179648K
  class space    used 12201K, committed 12480K, reserved 1048576K
}
Event: 20.048 GC heap before
{Heap before GC invocations=31 (full 0):
 garbage-first heap   total 100352K, used 79382K [0x0000000743a00000, 0x0000000800000000)
  region size 2048K, 13 young (26624K), 2 survivors (4096K)
 Metaspace       used 89822K, committed 90432K, reserved 1179648K
  class space    used 12201K, committed 12480K, reserved 1048576K
}
Event: 20.055 GC heap after
{Heap after GC invocations=32 (full 0):
 garbage-first heap   total 120832K, used 57830K [0x0000000743a00000, 0x0000000800000000)
  region size 2048K, 1 young (2048K), 1 survivors (2048K)
 Metaspace       used 89822K, committed 90432K, reserved 1179648K
  class space    used 12201K, committed 12480K, reserved 1048576K
}
Event: 20.873 GC heap before
{Heap before GC invocations=33 (full 0):
 garbage-first heap   total 120832K, used 92646K [0x0000000743a00000, 0x0000000800000000)
  region size 2048K, 18 young (36864K), 1 survivors (2048K)
 Metaspace       used 91433K, committed 92032K, reserved 1179648K
  class space    used 12404K, committed 12672K, reserved 1048576K
}
Event: 20.876 GC heap after
{Heap after GC invocations=34 (full 0):
 garbage-first heap   total 120832K, used 57991K [0x0000000743a00000, 0x0000000800000000)
  region size 2048K, 1 young (2048K), 1 survivors (2048K)
 Metaspace       used 91433K, committed 92032K, reserved 1179648K
  class space    used 12404K, committed 12672K, reserved 1048576K
}
Event: 21.206 GC heap before
{Heap before GC invocations=34 (full 0):
 garbage-first heap   total 120832K, used 94855K [0x0000000743a00000, 0x0000000800000000)
  region size 2048K, 19 young (38912K), 1 survivors (2048K)
 Metaspace       used 91833K, committed 92416K, reserved 1179648K
  class space    used 12456K, committed 12736K, reserved 1048576K
}
Event: 21.217 GC heap after
{Heap after GC invocations=35 (full 0):
 garbage-first heap   total 120832K, used 68731K [0x0000000743a00000, 0x0000000800000000)
  region size 2048K, 3 young (6144K), 3 survivors (6144K)
 Metaspace       used 91833K, committed 92416K, reserved 1179648K
  class space    used 12456K, committed 12736K, reserved 1048576K
}
Event: 21.334 GC heap before
{Heap before GC invocations=35 (full 0):
 garbage-first heap   total 120832K, used 91259K [0x0000000743a00000, 0x0000000800000000)
  region size 2048K, 15 young (30720K), 3 survivors (6144K)
 Metaspace       used 91834K, committed 92416K, reserved 1179648K
  class space    used 12456K, committed 12736K, reserved 1048576K
}
Event: 21.348 GC heap after
{Heap after GC invocations=36 (full 0):
 garbage-first heap   total 120832K, used 78555K [0x0000000743a00000, 0x0000000800000000)
  region size 2048K, 2 young (4096K), 2 survivors (4096K)
 Metaspace       used 91834K, committed 92416K, reserved 1179648K
  class space    used 12456K, committed 12736K, reserved 1048576K
}
Event: 21.448 GC heap before
{Heap before GC invocations=37 (full 0):
 garbage-first heap   total 137216K, used 92891K [0x0000000743a00000, 0x0000000800000000)
  region size 2048K, 9 young (18432K), 2 survivors (4096K)
 Metaspace       used 91835K, committed 92416K, reserved 1179648K
  class space    used 12457K, committed 12736K, reserved 1048576K
}
Event: 21.457 GC heap after
{Heap after GC invocations=38 (full 0):
 garbage-first heap   total 137216K, used 80480K [0x0000000743a00000, 0x0000000800000000)
  region size 2048K, 1 young (2048K), 1 survivors (2048K)
 Metaspace       used 91835K, committed 92416K, reserved 1179648K
  class space    used 12457K, committed 12736K, reserved 1048576K
}
Event: 21.562 GC heap before
{Heap before GC invocations=38 (full 0):
 garbage-first heap   total 137216K, used 105056K [0x0000000743a00000, 0x0000000800000000)
  region size 2048K, 13 young (26624K), 1 survivors (2048K)
 Metaspace       used 91849K, committed 92416K, reserved 1179648K
  class space    used 12459K, committed 12736K, reserved 1048576K
}
Event: 21.568 GC heap after
{Heap after GC invocations=39 (full 0):
 garbage-first heap   total 137216K, used 84501K [0x0000000743a00000, 0x0000000800000000)
  region size 2048K, 2 young (4096K), 2 survivors (4096K)
 Metaspace       used 91849K, committed 92416K, reserved 1179648K
  class space    used 12459K, committed 12736K, reserved 1048576K
}
Event: 21.728 GC heap before
{Heap before GC invocations=39 (full 0):
 garbage-first heap   total 137216K, used 107029K [0x0000000743a00000, 0x0000000800000000)
  region size 2048K, 13 young (26624K), 2 survivors (4096K)
 Metaspace       used 91849K, committed 92416K, reserved 1179648K
  class space    used 12459K, committed 12736K, reserved 1048576K
}
Event: 21.740 GC heap after
{Heap after GC invocations=40 (full 0):
 garbage-first heap   total 137216K, used 93060K [0x0000000743a00000, 0x0000000800000000)
  region size 2048K, 2 young (4096K), 2 survivors (4096K)
 Metaspace       used 91849K, committed 92416K, reserved 1179648K
  class space    used 12459K, committed 12736K, reserved 1048576K
}
Event: 21.893 GC heap before
{Heap before GC invocations=41 (full 0):
 garbage-first heap   total 161792K, used 107396K [0x0000000743a00000, 0x0000000800000000)
  region size 2048K, 9 young (18432K), 2 survivors (4096K)
 Metaspace       used 91852K, committed 92416K, reserved 1179648K
  class space    used 12458K, committed 12736K, reserved 1048576K
}
Event: 21.902 GC heap after
{Heap after GC invocations=42 (full 0):
 garbage-first heap   total 161792K, used 98629K [0x0000000743a00000, 0x0000000800000000)
  region size 2048K, 2 young (4096K), 2 survivors (4096K)
 Metaspace       used 91852K, committed 92416K, reserved 1179648K
  class space    used 12458K, committed 12736K, reserved 1048576K
}
Event: 21.907 GC heap before
{Heap before GC invocations=42 (full 0):
 garbage-first heap   total 161792K, used 100677K [0x0000000743a00000, 0x0000000800000000)
  region size 2048K, 3 young (6144K), 2 survivors (4096K)
 Metaspace       used 91852K, committed 92416K, reserved 1179648K
  class space    used 12458K, committed 12736K, reserved 1048576K
}

