# JRE version: Java(TM) SE Runtime Environment (17.0.12+8) (build 17.0.12+8-LTS-286)
# Java VM: Java HotSpot(TM) 64-Bit Server VM (17.0.12+8-LTS-286, mixed mode, sharing, tiered, compressed oops, compressed class ptrs, g1 gc, windows-amd64)
GC Precious Log:
 CPUs: 4 total, 4 available
 Memory: 12055M
 Large Page Support: Disabled
 NUMA Support: Disabled
 Compressed Oops: Enabled (Zero based)
 Heap Region Size: 2M
 Heap Min Capacity: 8M
 Heap Initial Capacity: 190M
 Heap Max Capacity: 3014M
 Pre-touch: Disabled
 Parallel Workers: 4
 Concurrent Workers: 1
 Concurrent Refinement Workers: 4
 Periodic GC: Disabled
Heap:
 garbage-first heap   total 286720K, used 175968K [0x0000000743a00000, 0x0000000800000000)
  region size 2048K, 26 young (53248K), 4 survivors (8192K)
 Metaspace       used 114281K, committed 115008K, reserved 1179648K
  class space    used 15176K, committed 15488K, reserved 1048576K
GC Heap History (20 events):
Event: 22.026 GC heap before
{Heap before GC invocations=41 (full 0):
 garbage-first heap   total 120832K, used 92544K [0x0000000743a00000, 0x0000000800000000)
  region size 2048K, 14 young (28672K), 3 survivors (6144K)
 Metaspace       used 91885K, committed 92544K, reserved 1179648K
  class space    used 12467K, committed 12800K, reserved 1048576K
}
Event: 22.039 GC heap after
{Heap after GC invocations=42 (full 0):
 garbage-first heap   total 120832K, used 73493K [0x0000000743a00000, 0x0000000800000000)
  region size 2048K, 2 young (4096K), 2 survivors (4096K)
 Metaspace       used 91885K, committed 92544K, reserved 1179648K
  class space    used 12467K, committed 12800K, reserved 1048576K
}
Event: 22.175 GC heap before
{Heap before GC invocations=42 (full 0):
 garbage-first heap   total 120832K, used 91925K [0x0000000743a00000, 0x0000000800000000)
  region size 2048K, 11 young (22528K), 2 survivors (4096K)
 Metaspace       used 91955K, committed 92608K, reserved 1179648K
  class space    used 12469K, committed 12800K, reserved 1048576K
}
Event: 22.184 GC heap after
{Heap after GC invocations=43 (full 0):
 garbage-first heap   total 120832K, used 75556K [0x0000000743a00000, 0x0000000800000000)
  region size 2048K, 2 young (4096K), 2 survivors (4096K)
 Metaspace       used 91955K, committed 92608K, reserved 1179648K
  class space    used 12469K, committed 12800K, reserved 1048576K
}
Event: 22.338 GC heap before
{Heap before GC invocations=44 (full 0):
 garbage-first heap   total 143360K, used 93988K [0x0000000743a00000, 0x0000000800000000)
  region size 2048K, 11 young (22528K), 2 survivors (4096K)
 Metaspace       used 91949K, committed 92608K, reserved 1179648K
  class space    used 12468K, committed 12800K, reserved 1048576K
}
Event: 22.346 GC heap after
{Heap after GC invocations=45 (full 0):
 garbage-first heap   total 143360K, used 82496K [0x0000000743a00000, 0x0000000800000000)
  region size 2048K, 2 young (4096K), 2 survivors (4096K)
 Metaspace       used 91949K, committed 92608K, reserved 1179648K
  class space    used 12468K, committed 12800K, reserved 1048576K
}
Event: 22.440 GC heap before
{Heap before GC invocations=45 (full 0):
 garbage-first heap   total 143360K, used 107072K [0x0000000743a00000, 0x0000000800000000)
  region size 2048K, 14 young (28672K), 2 survivors (4096K)
 Metaspace       used 91949K, committed 92608K, reserved 1179648K
  class space    used 12468K, committed 12800K, reserved 1048576K
}
Event: 22.460 GC heap after
{Heap after GC invocations=46 (full 0):
 garbage-first heap   total 286720K, used 92141K [0x0000000743a00000, 0x0000000800000000)
  region size 2048K, 2 young (4096K), 2 survivors (4096K)
 Metaspace       used 91949K, committed 92608K, reserved 1179648K
  class space    used 12468K, committed 12800K, reserved 1048576K
}
Event: 22.786 GC heap before
{Heap before GC invocations=47 (full 0):
 garbage-first heap   total 286720K, used 169965K [0x0000000743a00000, 0x0000000800000000)
  region size 2048K, 45 young (92160K), 2 survivors (4096K)
 Metaspace       used 91949K, committed 92608K, reserved 1179648K
  class space    used 12468K, committed 12800K, reserved 1048576K
}
Event: 22.824 GC heap after
{Heap after GC invocations=48 (full 0):
 garbage-first heap   total 286720K, used 116239K [0x0000000743a00000, 0x0000000800000000)
  region size 2048K, 6 young (12288K), 6 survivors (12288K)
 Metaspace       used 91949K, committed 92608K, reserved 1179648K
  class space    used 12468K, committed 12800K, reserved 1048576K
}
Event: 22.829 GC heap before
{Heap before GC invocations=48 (full 0):
 garbage-first heap   total 286720K, used 118287K [0x0000000743a00000, 0x0000000800000000)
  region size 2048K, 7 young (14336K), 6 survivors (12288K)
 Metaspace       used 91949K, committed 92608K, reserved 1179648K
  class space    used 12468K, committed 12800K, reserved 1048576K
}
Event: 22.892 GC heap after
{Heap after GC invocations=49 (full 0):
 garbage-first heap   total 286720K, used 117760K [0x0000000743a00000, 0x0000000800000000)
  region size 2048K, 1 young (2048K), 1 survivors (2048K)
 Metaspace       used 91949K, committed 92608K, reserved 1179648K
  class space    used 12468K, committed 12800K, reserved 1048576K
}
Event: 23.311 GC heap before
{Heap before GC invocations=49 (full 0):
 garbage-first heap   total 286720K, used 189440K [0x0000000743a00000, 0x0000000800000000)
  region size 2048K, 36 young (73728K), 1 survivors (2048K)
 Metaspace       used 92660K, committed 93376K, reserved 1179648K
  class space    used 12568K, committed 12928K, reserved 1048576K
}
Event: 23.319 GC heap after
{Heap after GC invocations=50 (full 0):
 garbage-first heap   total 286720K, used 121778K [0x0000000743a00000, 0x0000000800000000)
  region size 2048K, 3 young (6144K), 3 survivors (6144K)
 Metaspace       used 92660K, committed 93376K, reserved 1179648K
  class space    used 12568K, committed 12928K, reserved 1048576K
}
Event: 24.615 GC heap before
{Heap before GC invocations=50 (full 0):
 garbage-first heap   total 286720K, used 197554K [0x0000000743a00000, 0x0000000800000000)
  region size 2048K, 40 young (81920K), 3 survivors (6144K)
 Metaspace       used 98032K, committed 98624K, reserved 1179648K
  class space    used 13335K, committed 13632K, reserved 1048576K
}
Event: 24.627 GC heap after
{Heap after GC invocations=51 (full 0):
 garbage-first heap   total 286720K, used 125426K [0x0000000743a00000, 0x0000000800000000)
  region size 2048K, 5 young (10240K), 5 survivors (10240K)
 Metaspace       used 98032K, committed 98624K, reserved 1179648K
  class space    used 13335K, committed 13632K, reserved 1048576K
}
Event: 26.082 GC heap before
{Heap before GC invocations=51 (full 0):
 garbage-first heap   total 286720K, used 203250K [0x0000000743a00000, 0x0000000800000000)
  region size 2048K, 43 young (88064K), 5 survivors (10240K)
 Metaspace       used 101296K, committed 101952K, reserved 1179648K
  class space    used 13818K, committed 14144K, reserved 1048576K
}
Event: 26.097 GC heap after
{Heap after GC invocations=52 (full 0):
 garbage-first heap   total 286720K, used 129852K [0x0000000743a00000, 0x0000000800000000)
  region size 2048K, 4 young (8192K), 4 survivors (8192K)
 Metaspace       used 101296K, committed 101952K, reserved 1179648K
  class space    used 13818K, committed 14144K, reserved 1048576K
}
Event: 27.724 GC heap before
{Heap before GC invocations=52 (full 0):
 garbage-first heap   total 286720K, used 211772K [0x0000000743a00000, 0x0000000800000000)
  region size 2048K, 44 young (90112K), 4 survivors (8192K)
 Metaspace       used 108672K, committed 109376K, reserved 1179648K
  class space    used 14767K, committed 15104K, reserved 1048576K
}
Event: 27.736 GC heap after
{Heap after GC invocations=53 (full 0):
 garbage-first heap   total 286720K, used 132960K [0x0000000743a00000, 0x0000000800000000)
  region size 2048K, 4 young (8192K), 4 survivors (8192K)
 Metaspace       used 108672K, committed 109376K, reserved 1179648K
  class space    used 14767K, committed 15104K, reserved 1048576K
}

