# JRE version: Java(TM) SE Runtime Environment (17.0.12+8) (build 17.0.12+8-LTS-286)
# Java VM: Java HotSpot(TM) 64-Bit Server VM (17.0.12+8-LTS-286, mixed mode, sharing, tiered, compressed oops, compressed class ptrs, g1 gc, windows-amd64)
GC Precious Log:
 CPUs: 4 total, 4 available
 Memory: 12055M
 Large Page Support: Disabled
 NUMA Support: Disabled
 Compressed Oops: Enabled (Zero based)
 Heap Region Size: 2M
 Heap Min Capacity: 8M
 Heap Initial Capacity: 190M
 Heap Max Capacity: 3014M
 Pre-touch: Disabled
 Parallel Workers: 4
 Concurrent Workers: 1
 Concurrent Refinement Workers: 4
 Periodic GC: Disabled
Heap:
 garbage-first heap   total 194560K, used 124928K [0x0000000743a00000, 0x0000000800000000)
  region size 2048K, 2 young (4096K), 2 survivors (4096K)
 Metaspace       used 91880K, committed 92480K, reserved 1179648K
  class space    used 12455K, committed 12736K, reserved 1048576K
GC Heap History (20 events):
Event: 21.740 GC heap after
{Heap after GC invocations=34 (full 0):
 garbage-first heap   total 108544K, used 51590K [0x0000000743a00000, 0x0000000800000000)
  region size 2048K, 2 young (4096K), 2 survivors (4096K)
 Metaspace       used 89930K, committed 90496K, reserved 1179648K
  class space    used 12208K, committed 12480K, reserved 1048576K
}
Event: 21.943 GC heap before
{Heap before GC invocations=34 (full 0):
 garbage-first heap   total 108544K, used 86406K [0x0000000743a00000, 0x0000000800000000)
  region size 2048K, 19 young (38912K), 2 survivors (4096K)
 Metaspace       used 89952K, committed 90496K, reserved 1179648K
  class space    used 12208K, committed 12480K, reserved 1048576K
}
Event: 21.948 GC heap after
{Heap after GC invocations=35 (full 0):
 garbage-first heap   total 108544K, used 51808K [0x0000000743a00000, 0x0000000800000000)
  region size 2048K, 2 young (4096K), 2 survivors (4096K)
 Metaspace       used 89952K, committed 90496K, reserved 1179648K
  class space    used 12208K, committed 12480K, reserved 1048576K
}
Event: 22.665 GC heap before
{Heap before GC invocations=36 (full 0):
 garbage-first heap   total 108544K, used 86624K [0x0000000743a00000, 0x0000000800000000)
  region size 2048K, 19 young (38912K), 2 survivors (4096K)
 Metaspace       used 91840K, committed 92480K, reserved 1179648K
  class space    used 12453K, committed 12736K, reserved 1048576K
}
Event: 22.674 GC heap after
{Heap after GC invocations=37 (full 0):
 garbage-first heap   total 108544K, used 56558K [0x0000000743a00000, 0x0000000800000000)
  region size 2048K, 3 young (6144K), 3 survivors (6144K)
 Metaspace       used 91840K, committed 92480K, reserved 1179648K
  class space    used 12453K, committed 12736K, reserved 1048576K
}
Event: 22.779 GC heap before
{Heap before GC invocations=37 (full 0):
 garbage-first heap   total 108544K, used 85230K [0x0000000743a00000, 0x0000000800000000)
  region size 2048K, 17 young (34816K), 3 survivors (6144K)
 Metaspace       used 91843K, committed 92480K, reserved 1179648K
  class space    used 12453K, committed 12736K, reserved 1048576K
}
Event: 22.794 GC heap after
{Heap after GC invocations=38 (full 0):
 garbage-first heap   total 108544K, used 66845K [0x0000000743a00000, 0x0000000800000000)
  region size 2048K, 3 young (6144K), 3 survivors (6144K)
 Metaspace       used 91843K, committed 92480K, reserved 1179648K
  class space    used 12453K, committed 12736K, reserved 1048576K
}
Event: 22.892 GC heap before
{Heap before GC invocations=38 (full 0):
 garbage-first heap   total 108544K, used 83229K [0x0000000743a00000, 0x0000000800000000)
  region size 2048K, 11 young (22528K), 3 survivors (6144K)
 Metaspace       used 91843K, committed 92480K, reserved 1179648K
  class space    used 12453K, committed 12736K, reserved 1048576K
}
Event: 22.905 GC heap after
{Heap after GC invocations=39 (full 0):
 garbage-first heap   total 155648K, used 73096K [0x0000000743a00000, 0x0000000800000000)
  region size 2048K, 2 young (4096K), 2 survivors (4096K)
 Metaspace       used 91843K, committed 92480K, reserved 1179648K
  class space    used 12453K, committed 12736K, reserved 1048576K
}
Event: 23.114 GC heap before
{Heap before GC invocations=40 (full 0):
 garbage-first heap   total 155648K, used 112008K [0x0000000743a00000, 0x0000000800000000)
  region size 2048K, 21 young (43008K), 2 survivors (4096K)
 Metaspace       used 91874K, committed 92480K, reserved 1179648K
  class space    used 12456K, committed 12736K, reserved 1048576K
}
Event: 23.124 GC heap after
{Heap after GC invocations=41 (full 0):
 garbage-first heap   total 155648K, used 78824K [0x0000000743a00000, 0x0000000800000000)
  region size 2048K, 3 young (6144K), 3 survivors (6144K)
 Metaspace       used 91874K, committed 92480K, reserved 1179648K
  class space    used 12456K, committed 12736K, reserved 1048576K
}
Event: 23.326 GC heap before
{Heap before GC invocations=41 (full 0):
 garbage-first heap   total 155648K, used 115688K [0x0000000743a00000, 0x0000000800000000)
  region size 2048K, 21 young (43008K), 3 survivors (6144K)
 Metaspace       used 91884K, committed 92480K, reserved 1179648K
  class space    used 12456K, committed 12736K, reserved 1048576K
}
Event: 23.331 GC heap after
{Heap after GC invocations=42 (full 0):
 garbage-first heap   total 155648K, used 77998K [0x0000000743a00000, 0x0000000800000000)
  region size 2048K, 2 young (4096K), 2 survivors (4096K)
 Metaspace       used 91884K, committed 92480K, reserved 1179648K
  class space    used 12456K, committed 12736K, reserved 1048576K
}
Event: 23.577 GC heap before
{Heap before GC invocations=42 (full 0):
 garbage-first heap   total 194560K, used 116910K [0x0000000743a00000, 0x0000000800000000)
  region size 2048K, 21 young (43008K), 2 survivors (4096K)
 Metaspace       used 91878K, committed 92480K, reserved 1179648K
  class space    used 12455K, committed 12736K, reserved 1048576K
}
Event: 23.593 GC heap after
{Heap after GC invocations=43 (full 0):
 garbage-first heap   total 194560K, used 93063K [0x0000000743a00000, 0x0000000800000000)
  region size 2048K, 3 young (6144K), 3 survivors (6144K)
 Metaspace       used 91878K, committed 92480K, reserved 1179648K
  class space    used 12455K, committed 12736K, reserved 1048576K
}
Event: 23.848 GC heap before
{Heap before GC invocations=44 (full 0):
 garbage-first heap   total 194560K, used 144263K [0x0000000743a00000, 0x0000000800000000)
  region size 2048K, 27 young (55296K), 3 survivors (6144K)
 Metaspace       used 91878K, committed 92480K, reserved 1179648K
  class space    used 12455K, committed 12736K, reserved 1048576K
}
Event: 23.872 GC heap after
{Heap after GC invocations=45 (full 0):
 garbage-first heap   total 194560K, used 114012K [0x0000000743a00000, 0x0000000800000000)
  region size 2048K, 4 young (8192K), 4 survivors (8192K)
 Metaspace       used 91878K, committed 92480K, reserved 1179648K
  class space    used 12455K, committed 12736K, reserved 1048576K
}
Event: 23.878 GC heap before
{Heap before GC invocations=45 (full 0):
 garbage-first heap   total 194560K, used 116060K [0x0000000743a00000, 0x0000000800000000)
  region size 2048K, 5 young (10240K), 4 survivors (8192K)
 Metaspace       used 91878K, committed 92480K, reserved 1179648K
  class space    used 12455K, committed 12736K, reserved 1048576K
}
Event: 23.904 GC heap after
{Heap after GC invocations=46 (full 0):
 garbage-first heap   total 194560K, used 117249K [0x0000000743a00000, 0x0000000800000000)
  region size 2048K, 1 young (2048K), 1 survivors (2048K)
 Metaspace       used 91878K, committed 92480K, reserved 1179648K
  class space    used 12455K, committed 12736K, reserved 1048576K
}
Event: 24.242 GC heap before
{Heap before GC invocations=46 (full 0):
 garbage-first heap   total 194560K, used 145921K [0x0000000743a00000, 0x0000000800000000)
  region size 2048K, 15 young (30720K), 1 survivors (2048K)
 Metaspace       used 91880K, committed 92480K, reserved 1179648K
  class space    used 12455K, committed 12736K, reserved 1048576K
}

