# JRE version: Java(TM) SE Runtime Environment (23.0.2+7) (build 23.0.2+7-58)
# Java VM: Java HotSpot(TM) 64-Bit Server VM (23.0.2+7-58, mixed mode, sharing, tiered, compressed oops, compressed class ptrs, g1 gc, windows-amd64)
GC Precious Log:
 CardTable entry size: 512
 Card Set container configuration: InlinePtr #cards 4 size 8 Array Of Cards #cards 16 size 48 Howl #buckets 8 coarsen threshold 3686 Howl Bitmap #cards 512 size 80 coarsen threshold 460 Card regions per heap region 1 cards per card region 4096
 CPUs: 4 total, 4 available
 Memory: 12055M
 Large Page Support: Disabled
 NUMA Support: Disabled
 Compressed Oops: Enabled (Zero based)
 Heap Region Size: 2M
 Heap Min Capacity: 8M
 Heap Initial Capacity: 190M
 Heap Max Capacity: 3014M
 Pre-touch: Disabled
 Parallel Workers: 4
 Concurrent Workers: 1
 Concurrent Refinement Workers: 4
 Periodic GC: Disabled
Heap:
 garbage-first heap   total reserved 3086336K, committed 172032K, used 82133K [0x0000000743a00000, 0x0000000800000000)
  region size 2048K, 4 young (8192K), 3 survivors (6144K)
 Metaspace       used 50261K, committed 51008K, reserved 1114112K
  class space    used 6033K, committed 6336K, reserved 1048576K
GC Heap History (20 events):
Event: 11.149 GC heap before
{Heap before GC invocations=10 (full 0):
 garbage-first heap   total reserved 3086336K, committed 96256K, used 75707K [0x0000000743a00000, 0x0000000800000000)
  region size 2048K, 25 young (51200K), 2 survivors (4096K)
 Metaspace       used 35022K, committed 35456K, reserved 1114112K
  class space    used 4359K, committed 4608K, reserved 1048576K
}
Event: 11.163 GC heap after
{Heap after GC invocations=11 (full 0):
 garbage-first heap   total reserved 3086336K, committed 96256K, used 34170K [0x0000000743a00000, 0x0000000800000000)
  region size 2048K, 4 young (8192K), 4 survivors (8192K)
 Metaspace       used 35022K, committed 35456K, reserved 1114112K
  class space    used 4359K, committed 4608K, reserved 1048576K
}
Event: 11.925 GC heap before
{Heap before GC invocations=11 (full 0):
 garbage-first heap   total reserved 3086336K, committed 96256K, used 75130K [0x0000000743a00000, 0x0000000800000000)
  region size 2048K, 25 young (51200K), 4 survivors (8192K)
 Metaspace       used 36176K, committed 36608K, reserved 1114112K
  class space    used 4497K, committed 4736K, reserved 1048576K
}
Event: 11.939 GC heap after
{Heap after GC invocations=12 (full 0):
 garbage-first heap   total reserved 3086336K, committed 116736K, used 35879K [0x0000000743a00000, 0x0000000800000000)
  region size 2048K, 1 young (2048K), 1 survivors (2048K)
 Metaspace       used 36176K, committed 36608K, reserved 1114112K
  class space    used 4497K, committed 4736K, reserved 1048576K
}
Event: 13.217 GC heap before
{Heap before GC invocations=13 (full 0):
 garbage-first heap   total reserved 3086336K, committed 116736K, used 93223K [0x0000000743a00000, 0x0000000800000000)
  region size 2048K, 30 young (61440K), 1 survivors (2048K)
 Metaspace       used 37297K, committed 37824K, reserved 1114112K
  class space    used 4584K, committed 4864K, reserved 1048576K
}
Event: 13.221 GC heap after
{Heap after GC invocations=14 (full 0):
 garbage-first heap   total reserved 3086336K, committed 116736K, used 35925K [0x0000000743a00000, 0x0000000800000000)
  region size 2048K, 1 young (2048K), 1 survivors (2048K)
 Metaspace       used 37297K, committed 37824K, reserved 1114112K
  class space    used 4584K, committed 4864K, reserved 1048576K
}
Event: 14.300 GC heap before
{Heap before GC invocations=14 (full 0):
 garbage-first heap   total reserved 3086336K, committed 116736K, used 99413K [0x0000000743a00000, 0x0000000800000000)
  region size 2048K, 32 young (65536K), 1 survivors (2048K)
 Metaspace       used 37756K, committed 38272K, reserved 1114112K
  class space    used 4623K, committed 4864K, reserved 1048576K
}
Event: 14.306 GC heap after
{Heap after GC invocations=15 (full 0):
 garbage-first heap   total reserved 3086336K, committed 116736K, used 35919K [0x0000000743a00000, 0x0000000800000000)
  region size 2048K, 2 young (4096K), 2 survivors (4096K)
 Metaspace       used 37756K, committed 38272K, reserved 1114112K
  class space    used 4623K, committed 4864K, reserved 1048576K
}
Event: 14.767 GC heap before
{Heap before GC invocations=15 (full 0):
 garbage-first heap   total reserved 3086336K, committed 116736K, used 70735K [0x0000000743a00000, 0x0000000800000000)
  region size 2048K, 16 young (32768K), 2 survivors (4096K)
 Metaspace       used 38372K, committed 38848K, reserved 1114112K
  class space    used 4670K, committed 4928K, reserved 1048576K
}
Event: 14.772 GC heap after
{Heap after GC invocations=16 (full 0):
 garbage-first heap   total reserved 3086336K, committed 116736K, used 44330K [0x0000000743a00000, 0x0000000800000000)
  region size 2048K, 2 young (4096K), 2 survivors (4096K)
 Metaspace       used 38372K, committed 38848K, reserved 1114112K
  class space    used 4670K, committed 4928K, reserved 1048576K
}
Event: 14.773 GC heap before
{Heap before GC invocations=16 (full 0):
 garbage-first heap   total reserved 3086336K, committed 116736K, used 56618K [0x0000000743a00000, 0x0000000800000000)
  region size 2048K, 3 young (6144K), 2 survivors (4096K)
 Metaspace       used 38372K, committed 38848K, reserved 1114112K
  class space    used 4670K, committed 4928K, reserved 1048576K
}
Event: 14.778 GC heap after
{Heap after GC invocations=17 (full 0):
 garbage-first heap   total reserved 3086336K, committed 116736K, used 56641K [0x0000000743a00000, 0x0000000800000000)
  region size 2048K, 2 young (4096K), 2 survivors (4096K)
 Metaspace       used 38372K, committed 38848K, reserved 1114112K
  class space    used 4670K, committed 4928K, reserved 1048576K
}
Event: 16.382 GC heap before
{Heap before GC invocations=18 (full 0):
 garbage-first heap   total reserved 3086336K, committed 120832K, used 116033K [0x0000000743a00000, 0x0000000800000000)
  region size 2048K, 24 young (49152K), 2 survivors (4096K)
 Metaspace       used 42844K, committed 43392K, reserved 1114112K
  class space    used 5240K, committed 5504K, reserved 1048576K
}
Event: 16.398 GC heap after
{Heap after GC invocations=19 (full 0):
 garbage-first heap   total reserved 3086336K, committed 126976K, used 44956K [0x0000000743a00000, 0x0000000800000000)
  region size 2048K, 3 young (6144K), 3 survivors (6144K)
 Metaspace       used 42844K, committed 43392K, reserved 1114112K
  class space    used 5240K, committed 5504K, reserved 1048576K
}
Event: 18.178 GC heap before
{Heap before GC invocations=19 (full 0):
 garbage-first heap   total reserved 3086336K, committed 126976K, used 110492K [0x0000000743a00000, 0x0000000800000000)
  region size 2048K, 36 young (73728K), 3 survivors (6144K)
 Metaspace       used 46629K, committed 47296K, reserved 1114112K
  class space    used 5641K, committed 5952K, reserved 1048576K
}
Event: 18.212 GC heap after
{Heap after GC invocations=20 (full 0):
 garbage-first heap   total reserved 3086336K, committed 143360K, used 67417K [0x0000000743a00000, 0x0000000800000000)
  region size 2048K, 5 young (10240K), 5 survivors (10240K)
 Metaspace       used 46629K, committed 47296K, reserved 1114112K
  class space    used 5641K, committed 5952K, reserved 1048576K
}
Event: 19.008 GC heap before
{Heap before GC invocations=20 (full 0):
 garbage-first heap   total reserved 3086336K, committed 143360K, used 118617K [0x0000000743a00000, 0x0000000800000000)
  region size 2048K, 30 young (61440K), 5 survivors (10240K)
 Metaspace       used 47398K, committed 48000K, reserved 1114112K
  class space    used 5703K, committed 6016K, reserved 1048576K
}
Event: 19.030 GC heap after
{Heap after GC invocations=21 (full 0):
 garbage-first heap   total reserved 3086336K, committed 143360K, used 78848K [0x0000000743a00000, 0x0000000800000000)
  region size 2048K, 4 young (8192K), 4 survivors (8192K)
 Metaspace       used 47398K, committed 48000K, reserved 1114112K
  class space    used 5703K, committed 6016K, reserved 1048576K
}
Event: 20.190 GC heap before
{Heap before GC invocations=21 (full 0):
 garbage-first heap   total reserved 3086336K, committed 143360K, used 121856K [0x0000000743a00000, 0x0000000800000000)
  region size 2048K, 25 young (51200K), 4 survivors (8192K)
 Metaspace       used 48827K, committed 49472K, reserved 1114112K
  class space    used 5848K, committed 6144K, reserved 1048576K
}
Event: 20.203 GC heap after
{Heap after GC invocations=22 (full 0):
 garbage-first heap   total reserved 3086336K, committed 172032K, used 83526K [0x0000000743a00000, 0x0000000800000000)
  region size 2048K, 2 young (4096K), 2 survivors (4096K)
 Metaspace       used 48827K, committed 49472K, reserved 1114112K
  class space    used 5848K, committed 6144K, reserved 1048576K
}

