# JRE version: Java(TM) SE Runtime Environment (23.0.2+7) (build 23.0.2+7-58)
# Java VM: Java HotSpot(TM) 64-Bit Server VM (23.0.2+7-58, mixed mode, sharing, tiered, compressed oops, compressed class ptrs, g1 gc, windows-amd64)
GC Precious Log:
 CardTable entry size: 512
 Card Set container configuration: InlinePtr #cards 4 size 8 Array Of Cards #cards 16 size 48 Howl #buckets 8 coarsen threshold 3686 Howl Bitmap #cards 512 size 80 coarsen threshold 460 Card regions per heap region 1 cards per card region 4096
 CPUs: 4 total, 4 available
 Memory: 12055M
 Large Page Support: Disabled
 NUMA Support: Disabled
 Compressed Oops: Enabled (Zero based)
 Heap Region Size: 2M
 Heap Min Capacity: 8M
 Heap Initial Capacity: 190M
 Heap Max Capacity: 3014M
 Pre-touch: Disabled
 Parallel Workers: 4
 Concurrent Workers: 1
 Concurrent Refinement Workers: 4
 Periodic GC: Disabled
Heap:
 garbage-first heap   total reserved 3086336K, committed 129024K, used 109056K [0x0000000743a00000, 0x0000000800000000)
  region size 2048K, 1 young (2048K), 1 survivors (2048K)
 Metaspace       used 86019K, committed 86720K, reserved 1179648K
  class space    used 11927K, committed 12224K, reserved 1048576K
GC Heap History (20 events):
Event: 18.652 GC heap after
{Heap after GC invocations=31 (full 0):
 garbage-first heap   total reserved 3086336K, committed 86016K, used 42612K [0x0000000743a00000, 0x0000000800000000)
  region size 2048K, 2 young (4096K), 2 survivors (4096K)
 Metaspace       used 82353K, committed 83072K, reserved 1179648K
  class space    used 11305K, committed 11648K, reserved 1048576K
}
Event: 19.216 GC heap before
{Heap before GC invocations=32 (full 0):
 garbage-first heap   total reserved 3086336K, committed 86016K, used 73332K [0x0000000743a00000, 0x0000000800000000)
  region size 2048K, 17 young (34816K), 2 survivors (4096K)
 Metaspace       used 84129K, committed 84800K, reserved 1179648K
  class space    used 11683K, committed 11968K, reserved 1048576K
}
Event: 19.221 GC heap after
{Heap after GC invocations=33 (full 0):
 garbage-first heap   total reserved 3086336K, committed 86016K, used 43788K [0x0000000743a00000, 0x0000000800000000)
  region size 2048K, 2 young (4096K), 2 survivors (4096K)
 Metaspace       used 84129K, committed 84800K, reserved 1179648K
  class space    used 11683K, committed 11968K, reserved 1048576K
}
Event: 19.378 GC heap before
{Heap before GC invocations=33 (full 0):
 garbage-first heap   total reserved 3086336K, committed 86016K, used 74508K [0x0000000743a00000, 0x0000000800000000)
  region size 2048K, 17 young (34816K), 2 survivors (4096K)
 Metaspace       used 84149K, committed 84800K, reserved 1179648K
  class space    used 11683K, committed 11968K, reserved 1048576K
}
Event: 19.388 GC heap after
{Heap after GC invocations=34 (full 0):
 garbage-first heap   total reserved 3086336K, committed 86016K, used 47673K [0x0000000743a00000, 0x0000000800000000)
  region size 2048K, 3 young (6144K), 3 survivors (6144K)
 Metaspace       used 84149K, committed 84800K, reserved 1179648K
  class space    used 11683K, committed 11968K, reserved 1048576K
}
Event: 19.922 GC heap before
{Heap before GC invocations=35 (full 0):
 garbage-first heap   total reserved 3086336K, committed 86016K, used 72249K [0x0000000743a00000, 0x0000000800000000)
  region size 2048K, 15 young (30720K), 3 survivors (6144K)
 Metaspace       used 85973K, committed 86720K, reserved 1179648K
  class space    used 11924K, committed 12224K, reserved 1048576K
}
Event: 19.929 GC heap after
{Heap after GC invocations=36 (full 0):
 garbage-first heap   total reserved 3086336K, committed 86016K, used 49767K [0x0000000743a00000, 0x0000000800000000)
  region size 2048K, 1 young (2048K), 1 survivors (2048K)
 Metaspace       used 85973K, committed 86720K, reserved 1179648K
  class space    used 11924K, committed 12224K, reserved 1048576K
}
Event: 20.019 GC heap before
{Heap before GC invocations=36 (full 0):
 garbage-first heap   total reserved 3086336K, committed 86016K, used 76391K [0x0000000743a00000, 0x0000000800000000)
  region size 2048K, 14 young (28672K), 1 survivors (2048K)
 Metaspace       used 85975K, committed 86720K, reserved 1179648K
  class space    used 11924K, committed 12224K, reserved 1048576K
}
Event: 20.030 GC heap after
{Heap after GC invocations=37 (full 0):
 garbage-first heap   total reserved 3086336K, committed 90112K, used 59873K [0x0000000743a00000, 0x0000000800000000)
  region size 2048K, 2 young (4096K), 2 survivors (4096K)
 Metaspace       used 85975K, committed 86720K, reserved 1179648K
  class space    used 11924K, committed 12224K, reserved 1048576K
}
Event: 20.145 GC heap before
{Heap before GC invocations=37 (full 0):
 garbage-first heap   total reserved 3086336K, committed 90112K, used 78305K [0x0000000743a00000, 0x0000000800000000)
  region size 2048K, 11 young (22528K), 2 survivors (4096K)
 Metaspace       used 85977K, committed 86720K, reserved 1179648K
  class space    used 11924K, committed 12224K, reserved 1048576K
}
Event: 20.159 GC heap after
{Heap after GC invocations=38 (full 0):
 garbage-first heap   total reserved 3086336K, committed 129024K, used 67043K [0x0000000743a00000, 0x0000000800000000)
  region size 2048K, 2 young (4096K), 2 survivors (4096K)
 Metaspace       used 85977K, committed 86720K, reserved 1179648K
  class space    used 11924K, committed 12224K, reserved 1048576K
}
Event: 20.316 GC heap before
{Heap before GC invocations=39 (full 0):
 garbage-first heap   total reserved 3086336K, committed 129024K, used 105955K [0x0000000743a00000, 0x0000000800000000)
  region size 2048K, 21 young (43008K), 2 survivors (4096K)
 Metaspace       used 85981K, committed 86720K, reserved 1179648K
  class space    used 11925K, committed 12224K, reserved 1048576K
}
Event: 20.330 GC heap after
{Heap after GC invocations=40 (full 0):
 garbage-first heap   total reserved 3086336K, committed 129024K, used 72656K [0x0000000743a00000, 0x0000000800000000)
  region size 2048K, 3 young (6144K), 3 survivors (6144K)
 Metaspace       used 85981K, committed 86720K, reserved 1179648K
  class space    used 11925K, committed 12224K, reserved 1048576K
}
Event: 20.447 GC heap before
{Heap before GC invocations=40 (full 0):
 garbage-first heap   total reserved 3086336K, committed 129024K, used 107472K [0x0000000743a00000, 0x0000000800000000)
  region size 2048K, 20 young (40960K), 3 survivors (6144K)
 Metaspace       used 86007K, committed 86720K, reserved 1179648K
  class space    used 11927K, committed 12224K, reserved 1048576K
}
Event: 20.467 GC heap after
{Heap after GC invocations=41 (full 0):
 garbage-first heap   total reserved 3086336K, committed 129024K, used 85838K [0x0000000743a00000, 0x0000000800000000)
  region size 2048K, 3 young (6144K), 3 survivors (6144K)
 Metaspace       used 86007K, committed 86720K, reserved 1179648K
  class space    used 11927K, committed 12224K, reserved 1048576K
}
Event: 20.535 GC heap before
{Heap before GC invocations=41 (full 0):
 garbage-first heap   total reserved 3086336K, committed 129024K, used 110414K [0x0000000743a00000, 0x0000000800000000)
  region size 2048K, 15 young (30720K), 3 survivors (6144K)
 Metaspace       used 86019K, committed 86720K, reserved 1179648K
  class space    used 11927K, committed 12224K, reserved 1048576K
}
Event: 20.549 GC heap after
{Heap after GC invocations=42 (full 0):
 garbage-first heap   total reserved 3086336K, committed 129024K, used 95251K [0x0000000743a00000, 0x0000000800000000)
  region size 2048K, 2 young (4096K), 2 survivors (4096K)
 Metaspace       used 86019K, committed 86720K, reserved 1179648K
  class space    used 11927K, committed 12224K, reserved 1048576K
}
Event: 20.594 GC heap before
{Heap before GC invocations=42 (full 0):
 garbage-first heap   total reserved 3086336K, committed 129024K, used 111635K [0x0000000743a00000, 0x0000000800000000)
  region size 2048K, 10 young (20480K), 2 survivors (4096K)
 Metaspace       used 86019K, committed 86720K, reserved 1179648K
  class space    used 11927K, committed 12224K, reserved 1048576K
}
Event: 20.605 GC heap after
{Heap after GC invocations=43 (full 0):
 garbage-first heap   total reserved 3086336K, committed 129024K, used 102944K [0x0000000743a00000, 0x0000000800000000)
  region size 2048K, 2 young (4096K), 2 survivors (4096K)
 Metaspace       used 86019K, committed 86720K, reserved 1179648K
  class space    used 11927K, committed 12224K, reserved 1048576K
}
Event: 20.638 GC heap before
{Heap before GC invocations=43 (full 0):
 garbage-first heap   total reserved 3086336K, committed 129024K, used 113184K [0x0000000743a00000, 0x0000000800000000)
  region size 2048K, 8 young (16384K), 2 survivors (4096K)
 Metaspace       used 86019K, committed 86720K, reserved 1179648K
  class space    used 11927K, committed 12224K, reserved 1048576K
}

