# JRE version: Java(TM) SE Runtime Environment (17.0.12+8) (build 17.0.12+8-LTS-286)
# Java VM: Java HotSpot(TM) 64-Bit Server VM (17.0.12+8-LTS-286, mixed mode, sharing, tiered, compressed oops, compressed class ptrs, g1 gc, windows-amd64)
GC Precious Log:
 CPUs: 4 total, 4 available
 Memory: 12055M
 Large Page Support: Disabled
 NUMA Support: Disabled
 Compressed Oops: Enabled (Zero based)
 Heap Region Size: 2M
 Heap Min Capacity: 8M
 Heap Initial Capacity: 190M
 Heap Max Capacity: 3014M
 Pre-touch: Disabled
 Parallel Workers: 4
 Concurrent Workers: 1
 Concurrent Refinement Workers: 4
 Periodic GC: Disabled
Heap:
 garbage-first heap   total 198656K, used 98845K [0x0000000743a00000, 0x0000000800000000)
  region size 2048K, 1 young (2048K), 1 survivors (2048K)
 Metaspace       used 58781K, committed 59456K, reserved 1114112K
  class space    used 6860K, committed 7232K, reserved 1048576K
GC Heap History (20 events):
Event: 26.341 GC heap after
{Heap after GC invocations=26 (full 0):
 garbage-first heap   total 153600K, used 88277K [0x0000000743a00000, 0x0000000800000000)
  region size 2048K, 3 young (6144K), 3 survivors (6144K)
 Metaspace       used 49596K, committed 50112K, reserved 1114112K
  class space    used 5758K, committed 6016K, reserved 1048576K
}
Event: 26.983 GC heap before
{Heap before GC invocations=27 (full 0):
 garbage-first heap   total 161792K, used 118997K [0x0000000743a00000, 0x0000000800000000)
  region size 2048K, 18 young (36864K), 3 survivors (6144K)
 Metaspace       used 50621K, committed 51200K, reserved 1114112K
  class space    used 5869K, committed 6144K, reserved 1048576K
}
Event: 26.991 GC heap after
{Heap after GC invocations=28 (full 0):
 garbage-first heap   total 161792K, used 88696K [0x0000000743a00000, 0x0000000800000000)
  region size 2048K, 1 young (2048K), 1 survivors (2048K)
 Metaspace       used 50621K, committed 51200K, reserved 1114112K
  class space    used 5869K, committed 6144K, reserved 1048576K
}
Event: 27.175 GC heap before
{Heap before GC invocations=28 (full 0):
 garbage-first heap   total 161792K, used 127608K [0x0000000743a00000, 0x0000000800000000)
  region size 2048K, 20 young (40960K), 1 survivors (2048K)
 Metaspace       used 50675K, committed 51264K, reserved 1114112K
  class space    used 5869K, committed 6144K, reserved 1048576K
}
Event: 27.178 GC heap after
{Heap after GC invocations=29 (full 0):
 garbage-first heap   total 194560K, used 88359K [0x0000000743a00000, 0x0000000800000000)
  region size 2048K, 1 young (2048K), 1 survivors (2048K)
 Metaspace       used 50675K, committed 51264K, reserved 1114112K
  class space    used 5869K, committed 6144K, reserved 1048576K
}
Event: 28.154 GC heap before
{Heap before GC invocations=30 (full 0):
 garbage-first heap   total 194560K, used 151847K [0x0000000743a00000, 0x0000000800000000)
  region size 2048K, 32 young (65536K), 1 survivors (2048K)
 Metaspace       used 51301K, committed 51904K, reserved 1114112K
  class space    used 5943K, committed 6272K, reserved 1048576K
}
Event: 28.162 GC heap after
{Heap after GC invocations=31 (full 0):
 garbage-first heap   total 194560K, used 91551K [0x0000000743a00000, 0x0000000800000000)
  region size 2048K, 3 young (6144K), 3 survivors (6144K)
 Metaspace       used 51301K, committed 51904K, reserved 1114112K
  class space    used 5943K, committed 6272K, reserved 1048576K
}
Event: 28.181 GC heap before
{Heap before GC invocations=31 (full 0):
 garbage-first heap   total 194560K, used 93599K [0x0000000743a00000, 0x0000000800000000)
  region size 2048K, 4 young (8192K), 3 survivors (6144K)
 Metaspace       used 51303K, committed 51904K, reserved 1114112K
  class space    used 5943K, committed 6272K, reserved 1048576K
}
Event: 28.191 GC heap after
{Heap after GC invocations=32 (full 0):
 garbage-first heap   total 194560K, used 91211K [0x0000000743a00000, 0x0000000800000000)
  region size 2048K, 1 young (2048K), 1 survivors (2048K)
 Metaspace       used 51303K, committed 51904K, reserved 1114112K
  class space    used 5943K, committed 6272K, reserved 1048576K
}
Event: 28.594 GC heap before
{Heap before GC invocations=32 (full 0):
 garbage-first heap   total 194560K, used 154699K [0x0000000743a00000, 0x0000000800000000)
  region size 2048K, 32 young (65536K), 1 survivors (2048K)
 Metaspace       used 51572K, committed 52160K, reserved 1114112K
  class space    used 5980K, committed 6272K, reserved 1048576K
}
Event: 28.597 GC heap after
{Heap after GC invocations=33 (full 0):
 garbage-first heap   total 194560K, used 91556K [0x0000000743a00000, 0x0000000800000000)
  region size 2048K, 1 young (2048K), 1 survivors (2048K)
 Metaspace       used 51572K, committed 52160K, reserved 1114112K
  class space    used 5980K, committed 6272K, reserved 1048576K
}
Event: 30.300 GC heap before
{Heap before GC invocations=34 (full 0):
 garbage-first heap   total 194560K, used 157092K [0x0000000743a00000, 0x0000000800000000)
  region size 2048K, 33 young (67584K), 1 survivors (2048K)
 Metaspace       used 57333K, committed 57984K, reserved 1114112K
  class space    used 6766K, committed 7104K, reserved 1048576K
}
Event: 30.310 GC heap after
{Heap after GC invocations=35 (full 0):
 garbage-first heap   total 194560K, used 95422K [0x0000000743a00000, 0x0000000800000000)
  region size 2048K, 3 young (6144K), 3 survivors (6144K)
 Metaspace       used 57333K, committed 57984K, reserved 1114112K
  class space    used 6766K, committed 7104K, reserved 1048576K
}
Event: 30.326 GC heap before
{Heap before GC invocations=35 (full 0):
 garbage-first heap   total 194560K, used 97470K [0x0000000743a00000, 0x0000000800000000)
  region size 2048K, 4 young (8192K), 3 survivors (6144K)
 Metaspace       used 57345K, committed 57984K, reserved 1114112K
  class space    used 6766K, committed 7104K, reserved 1048576K
}
Event: 30.336 GC heap after
{Heap after GC invocations=36 (full 0):
 garbage-first heap   total 194560K, used 94993K [0x0000000743a00000, 0x0000000800000000)
  region size 2048K, 1 young (2048K), 1 survivors (2048K)
 Metaspace       used 57345K, committed 57984K, reserved 1114112K
  class space    used 6766K, committed 7104K, reserved 1048576K
}
Event: 31.482 GC heap before
{Heap before GC invocations=36 (full 0):
 garbage-first heap   total 194560K, used 156433K [0x0000000743a00000, 0x0000000800000000)
  region size 2048K, 31 young (63488K), 1 survivors (2048K)
 Metaspace       used 58714K, committed 59392K, reserved 1114112K
  class space    used 6860K, committed 7232K, reserved 1048576K
}
Event: 31.486 GC heap after
{Heap after GC invocations=37 (full 0):
 garbage-first heap   total 194560K, used 97200K [0x0000000743a00000, 0x0000000800000000)
  region size 2048K, 2 young (4096K), 2 survivors (4096K)
 Metaspace       used 58714K, committed 59392K, reserved 1114112K
  class space    used 6860K, committed 7232K, reserved 1048576K
}
Event: 32.031 GC heap before
{Heap before GC invocations=38 (full 0):
 garbage-first heap   total 194560K, used 158640K [0x0000000743a00000, 0x0000000800000000)
  region size 2048K, 32 young (65536K), 2 survivors (4096K)
 Metaspace       used 58781K, committed 59456K, reserved 1114112K
  class space    used 6860K, committed 7232K, reserved 1048576K
}
Event: 32.038 GC heap after
{Heap after GC invocations=39 (full 0):
 garbage-first heap   total 194560K, used 98797K [0x0000000743a00000, 0x0000000800000000)
  region size 2048K, 3 young (6144K), 3 survivors (6144K)
 Metaspace       used 58781K, committed 59456K, reserved 1114112K
  class space    used 6860K, committed 7232K, reserved 1048576K
}
Event: 32.045 GC heap before
{Heap before GC invocations=39 (full 0):
 garbage-first heap   total 194560K, used 100845K [0x0000000743a00000, 0x0000000800000000)
  region size 2048K, 4 young (8192K), 3 survivors (6144K)
 Metaspace       used 58781K, committed 59456K, reserved 1114112K
  class space    used 6860K, committed 7232K, reserved 1048576K
}

