# JRE version: Java(TM) SE Runtime Environment (23.0.2+7) (build 23.0.2+7-58)
# Java VM: Java HotSpot(TM) 64-Bit Server VM (23.0.2+7-58, mixed mode, sharing, tiered, compressed oops, compressed class ptrs, g1 gc, windows-amd64)
GC Precious Log:
 CardTable entry size: 512
 Card Set container configuration: InlinePtr #cards 4 size 8 Array Of Cards #cards 16 size 48 Howl #buckets 8 coarsen threshold 3686 Howl Bitmap #cards 512 size 80 coarsen threshold 460 Card regions per heap region 1 cards per card region 4096
 CPUs: 4 total, 4 available
 Memory: 12055M
 Large Page Support: Disabled
 NUMA Support: Disabled
 Compressed Oops: Enabled (Zero based)
 Heap Region Size: 2M
 Heap Min Capacity: 8M
 Heap Initial Capacity: 190M
 Heap Max Capacity: 3014M
 Pre-touch: Disabled
 Parallel Workers: 4
 Concurrent Workers: 1
 Concurrent Refinement Workers: 4
 Periodic GC: Disabled
Heap:
 garbage-first heap   total reserved 3086336K, committed 188416K, used 132920K [0x0000000743a00000, 0x0000000800000000)
  region size 2048K, 2 young (4096K), 2 survivors (4096K)
 Metaspace       used 86054K, committed 86720K, reserved 1179648K
  class space    used 11927K, committed 12224K, reserved 1048576K
GC Heap History (20 events):
Event: 18.529 GC heap after
{Heap after GC invocations=28 (full 0):
 garbage-first heap   total reserved 3086336K, committed 83968K, used 43488K [0x0000000743a00000, 0x0000000800000000)
  region size 2048K, 2 young (4096K), 2 survivors (4096K)
 Metaspace       used 82465K, committed 83136K, reserved 1179648K
  class space    used 11298K, committed 11584K, reserved 1048576K
}
Event: 19.043 GC heap before
{Heap before GC invocations=28 (full 0):
 garbage-first heap   total reserved 3086336K, committed 83968K, used 72160K [0x0000000743a00000, 0x0000000800000000)
  region size 2048K, 16 young (32768K), 2 survivors (4096K)
 Metaspace       used 84244K, committed 84928K, reserved 1179648K
  class space    used 11675K, committed 11968K, reserved 1048576K
}
Event: 19.050 GC heap after
{Heap after GC invocations=29 (full 0):
 garbage-first heap   total reserved 3086336K, committed 83968K, used 44253K [0x0000000743a00000, 0x0000000800000000)
  region size 2048K, 1 young (2048K), 1 survivors (2048K)
 Metaspace       used 84244K, committed 84928K, reserved 1179648K
  class space    used 11675K, committed 11968K, reserved 1048576K
}
Event: 19.244 GC heap before
{Heap before GC invocations=30 (full 0):
 garbage-first heap   total reserved 3086336K, committed 83968K, used 74973K [0x0000000743a00000, 0x0000000800000000)
  region size 2048K, 16 young (32768K), 1 survivors (2048K)
 Metaspace       used 84261K, committed 84992K, reserved 1179648K
  class space    used 11675K, committed 11968K, reserved 1048576K
}
Event: 19.252 GC heap after
{Heap after GC invocations=31 (full 0):
 garbage-first heap   total reserved 3086336K, committed 83968K, used 48271K [0x0000000743a00000, 0x0000000800000000)
  region size 2048K, 2 young (4096K), 2 survivors (4096K)
 Metaspace       used 84261K, committed 84992K, reserved 1179648K
  class space    used 11675K, committed 11968K, reserved 1048576K
}
Event: 19.907 GC heap before
{Heap before GC invocations=31 (full 0):
 garbage-first heap   total reserved 3086336K, committed 83968K, used 72847K [0x0000000743a00000, 0x0000000800000000)
  region size 2048K, 14 young (28672K), 2 survivors (4096K)
 Metaspace       used 86002K, committed 86720K, reserved 1179648K
  class space    used 11924K, committed 12224K, reserved 1048576K
}
Event: 19.915 GC heap after
{Heap after GC invocations=32 (full 0):
 garbage-first heap   total reserved 3086336K, committed 83968K, used 49564K [0x0000000743a00000, 0x0000000800000000)
  region size 2048K, 1 young (2048K), 1 survivors (2048K)
 Metaspace       used 86002K, committed 86720K, reserved 1179648K
  class space    used 11924K, committed 12224K, reserved 1048576K
}
Event: 20.043 GC heap before
{Heap before GC invocations=32 (full 0):
 garbage-first heap   total reserved 3086336K, committed 83968K, used 74140K [0x0000000743a00000, 0x0000000800000000)
  region size 2048K, 13 young (26624K), 1 survivors (2048K)
 Metaspace       used 86010K, committed 86720K, reserved 1179648K
  class space    used 11924K, committed 12224K, reserved 1048576K
}
Event: 20.058 GC heap after
{Heap after GC invocations=33 (full 0):
 garbage-first heap   total reserved 3086336K, committed 86016K, used 58978K [0x0000000743a00000, 0x0000000800000000)
  region size 2048K, 2 young (4096K), 2 survivors (4096K)
 Metaspace       used 86010K, committed 86720K, reserved 1179648K
  class space    used 11924K, committed 12224K, reserved 1048576K
}
Event: 20.195 GC heap before
{Heap before GC invocations=34 (full 0):
 garbage-first heap   total reserved 3086336K, committed 100352K, used 75362K [0x0000000743a00000, 0x0000000800000000)
  region size 2048K, 10 young (20480K), 2 survivors (4096K)
 Metaspace       used 86012K, committed 86720K, reserved 1179648K
  class space    used 11924K, committed 12224K, reserved 1048576K
}
Event: 20.207 GC heap after
{Heap after GC invocations=35 (full 0):
 garbage-first heap   total reserved 3086336K, committed 155648K, used 64933K [0x0000000743a00000, 0x0000000800000000)
  region size 2048K, 2 young (4096K), 2 survivors (4096K)
 Metaspace       used 86012K, committed 86720K, reserved 1179648K
  class space    used 11924K, committed 12224K, reserved 1048576K
}
Event: 20.472 GC heap before
{Heap before GC invocations=35 (full 0):
 garbage-first heap   total reserved 3086336K, committed 155648K, used 126373K [0x0000000743a00000, 0x0000000800000000)
  region size 2048K, 33 young (67584K), 2 survivors (4096K)
 Metaspace       used 86040K, committed 86720K, reserved 1179648K
  class space    used 11927K, committed 12224K, reserved 1048576K
}
Event: 20.491 GC heap after
{Heap after GC invocations=36 (full 0):
 garbage-first heap   total reserved 3086336K, committed 155648K, used 79237K [0x0000000743a00000, 0x0000000800000000)
  region size 2048K, 5 young (10240K), 5 survivors (10240K)
 Metaspace       used 86040K, committed 86720K, reserved 1179648K
  class space    used 11927K, committed 12224K, reserved 1048576K
}
Event: 20.620 GC heap before
{Heap before GC invocations=36 (full 0):
 garbage-first heap   total reserved 3086336K, committed 155648K, used 124293K [0x0000000743a00000, 0x0000000800000000)
  region size 2048K, 27 young (55296K), 5 survivors (10240K)
 Metaspace       used 86054K, committed 86720K, reserved 1179648K
  class space    used 11927K, committed 12224K, reserved 1048576K
}
Event: 20.649 GC heap after
{Heap after GC invocations=37 (full 0):
 garbage-first heap   total reserved 3086336K, committed 155648K, used 98001K [0x0000000743a00000, 0x0000000800000000)
  region size 2048K, 4 young (8192K), 4 survivors (8192K)
 Metaspace       used 86054K, committed 86720K, reserved 1179648K
  class space    used 11927K, committed 12224K, reserved 1048576K
}
Event: 20.726 GC heap before
{Heap before GC invocations=37 (full 0):
 garbage-first heap   total reserved 3086336K, committed 155648K, used 130769K [0x0000000743a00000, 0x0000000800000000)
  region size 2048K, 20 young (40960K), 4 survivors (8192K)
 Metaspace       used 86054K, committed 86720K, reserved 1179648K
  class space    used 11927K, committed 12224K, reserved 1048576K
}
Event: 20.747 GC heap after
{Heap after GC invocations=38 (full 0):
 garbage-first heap   total reserved 3086336K, committed 155648K, used 112271K [0x0000000743a00000, 0x0000000800000000)
  region size 2048K, 3 young (6144K), 3 survivors (6144K)
 Metaspace       used 86054K, committed 86720K, reserved 1179648K
  class space    used 11927K, committed 12224K, reserved 1048576K
}
Event: 20.802 GC heap before
{Heap before GC invocations=38 (full 0):
 garbage-first heap   total reserved 3086336K, committed 155648K, used 134799K [0x0000000743a00000, 0x0000000800000000)
  region size 2048K, 14 young (28672K), 3 survivors (6144K)
 Metaspace       used 86054K, committed 86720K, reserved 1179648K
  class space    used 11927K, committed 12224K, reserved 1048576K
}
Event: 20.819 GC heap after
{Heap after GC invocations=39 (full 0):
 garbage-first heap   total reserved 3086336K, committed 155648K, used 122880K [0x0000000743a00000, 0x0000000800000000)
  region size 2048K, 2 young (4096K), 2 survivors (4096K)
 Metaspace       used 86054K, committed 86720K, reserved 1179648K
  class space    used 11927K, committed 12224K, reserved 1048576K
}
Event: 20.869 GC heap before
{Heap before GC invocations=39 (full 0):
 garbage-first heap   total reserved 3086336K, committed 155648K, used 141312K [0x0000000743a00000, 0x0000000800000000)
  region size 2048K, 10 young (20480K), 2 survivors (4096K)
 Metaspace       used 86054K, committed 86720K, reserved 1179648K
  class space    used 11927K, committed 12224K, reserved 1048576K
}

