# JRE version: Java(TM) SE Runtime Environment (17.0.12+8) (build 17.0.12+8-LTS-286)
# Java VM: Java HotSpot(TM) 64-Bit Server VM (17.0.12+8-LTS-286, mixed mode, sharing, tiered, compressed oops, compressed class ptrs, g1 gc, windows-amd64)
GC Precious Log:
 CPUs: 4 total, 4 available
 Memory: 12055M
 Large Page Support: Disabled
 NUMA Support: Disabled
 Compressed Oops: Enabled (Zero based)
 Heap Region Size: 2M
 Heap Min Capacity: 8M
 Heap Initial Capacity: 190M
 Heap Max Capacity: 3014M
 Pre-touch: Disabled
 Parallel Workers: 4
 Concurrent Workers: 1
 Concurrent Refinement Workers: 4
 Periodic GC: Disabled
Heap:
 garbage-first heap   total 458752K, used 202389K [0x0000000743a00000, 0x0000000800000000)
  region size 2048K, 41 young (83968K), 4 survivors (8192K)
 Metaspace       used 114454K, committed 115200K, reserved 1179648K
  class space    used 15198K, committed 15552K, reserved 1048576K
GC Heap History (20 events):
Event: 22.254 GC heap before
{Heap before GC invocations=35 (full 0):
 garbage-first heap   total 112640K, used 88500K [0x0000000743a00000, 0x0000000800000000)
  region size 2048K, 18 young (36864K), 2 survivors (4096K)
 Metaspace       used 91893K, committed 92544K, reserved 1179648K
  class space    used 12458K, committed 12736K, reserved 1048576K
}
Event: 22.262 GC heap after
{Heap after GC invocations=36 (full 0):
 garbage-first heap   total 147456K, used 59124K [0x0000000743a00000, 0x0000000800000000)
  region size 2048K, 3 young (6144K), 3 survivors (6144K)
 Metaspace       used 91893K, committed 92544K, reserved 1179648K
  class space    used 12458K, committed 12736K, reserved 1048576K
}
Event: 22.526 GC heap before
{Heap before GC invocations=37 (full 0):
 garbage-first heap   total 147456K, used 116468K [0x0000000743a00000, 0x0000000800000000)
  region size 2048K, 31 young (63488K), 3 survivors (6144K)
 Metaspace       used 91894K, committed 92544K, reserved 1179648K
  class space    used 12459K, committed 12736K, reserved 1048576K
}
Event: 22.544 GC heap after
{Heap after GC invocations=38 (full 0):
 garbage-first heap   total 147456K, used 77143K [0x0000000743a00000, 0x0000000800000000)
  region size 2048K, 4 young (8192K), 4 survivors (8192K)
 Metaspace       used 91894K, committed 92544K, reserved 1179648K
  class space    used 12459K, committed 12736K, reserved 1048576K
}
Event: 22.657 GC heap before
{Heap before GC invocations=38 (full 0):
 garbage-first heap   total 147456K, used 109911K [0x0000000743a00000, 0x0000000800000000)
  region size 2048K, 20 young (40960K), 4 survivors (8192K)
 Metaspace       used 91922K, committed 92544K, reserved 1179648K
  class space    used 12460K, committed 12736K, reserved 1048576K
}
Event: 22.674 GC heap after
{Heap after GC invocations=39 (full 0):
 garbage-first heap   total 147456K, used 84418K [0x0000000743a00000, 0x0000000800000000)
  region size 2048K, 3 young (6144K), 3 survivors (6144K)
 Metaspace       used 91922K, committed 92544K, reserved 1179648K
  class space    used 12460K, committed 12736K, reserved 1048576K
}
Event: 22.831 GC heap before
{Heap before GC invocations=39 (full 0):
 garbage-first heap   total 192512K, used 113090K [0x0000000743a00000, 0x0000000800000000)
  region size 2048K, 17 young (34816K), 3 survivors (6144K)
 Metaspace       used 91922K, committed 92544K, reserved 1179648K
  class space    used 12460K, committed 12736K, reserved 1048576K
}
Event: 22.847 GC heap after
{Heap after GC invocations=40 (full 0):
 garbage-first heap   total 192512K, used 95797K [0x0000000743a00000, 0x0000000800000000)
  region size 2048K, 3 young (6144K), 3 survivors (6144K)
 Metaspace       used 91922K, committed 92544K, reserved 1179648K
  class space    used 12460K, committed 12736K, reserved 1048576K
}
Event: 23.006 GC heap before
{Heap before GC invocations=41 (full 0):
 garbage-first heap   total 192512K, used 138805K [0x0000000743a00000, 0x0000000800000000)
  region size 2048K, 24 young (49152K), 3 survivors (6144K)
 Metaspace       used 91933K, committed 92544K, reserved 1179648K
  class space    used 12460K, committed 12736K, reserved 1048576K
}
Event: 23.033 GC heap after
{Heap after GC invocations=42 (full 0):
 garbage-first heap   total 192512K, used 112788K [0x0000000743a00000, 0x0000000800000000)
  region size 2048K, 3 young (6144K), 3 survivors (6144K)
 Metaspace       used 91933K, committed 92544K, reserved 1179648K
  class space    used 12460K, committed 12736K, reserved 1048576K
}
Event: 23.053 GC heap before
{Heap before GC invocations=42 (full 0):
 garbage-first heap   total 192512K, used 114836K [0x0000000743a00000, 0x0000000800000000)
  region size 2048K, 4 young (8192K), 3 survivors (6144K)
 Metaspace       used 91933K, committed 92544K, reserved 1179648K
  class space    used 12460K, committed 12736K, reserved 1048576K
}
Event: 23.062 GC heap after
{Heap after GC invocations=43 (full 0):
 garbage-first heap   total 192512K, used 113692K [0x0000000743a00000, 0x0000000800000000)
  region size 2048K, 1 young (2048K), 1 survivors (2048K)
 Metaspace       used 91933K, committed 92544K, reserved 1179648K
  class space    used 12460K, committed 12736K, reserved 1048576K
}
Event: 23.128 GC heap before
{Heap before GC invocations=43 (full 0):
 garbage-first heap   total 192512K, used 142364K [0x0000000743a00000, 0x0000000800000000)
  region size 2048K, 15 young (30720K), 1 survivors (2048K)
 Metaspace       used 91933K, committed 92544K, reserved 1179648K
  class space    used 12460K, committed 12736K, reserved 1048576K
}
Event: 23.143 GC heap after
{Heap after GC invocations=44 (full 0):
 garbage-first heap   total 458752K, used 124475K [0x0000000743a00000, 0x0000000800000000)
  region size 2048K, 2 young (4096K), 2 survivors (4096K)
 Metaspace       used 91933K, committed 92544K, reserved 1179648K
  class space    used 12460K, committed 12736K, reserved 1048576K
}
Event: 25.524 GC heap before
{Heap before GC invocations=45 (full 0):
 garbage-first heap   total 458752K, used 278075K [0x0000000743a00000, 0x0000000800000000)
  region size 2048K, 78 young (159744K), 2 survivors (4096K)
 Metaspace       used 97804K, committed 98496K, reserved 1179648K
  class space    used 13309K, committed 13632K, reserved 1048576K
}
Event: 25.551 GC heap after
{Heap after GC invocations=46 (full 0):
 garbage-first heap   total 458752K, used 141118K [0x0000000743a00000, 0x0000000800000000)
  region size 2048K, 10 young (20480K), 10 survivors (20480K)
 Metaspace       used 97804K, committed 98496K, reserved 1179648K
  class space    used 13309K, committed 13632K, reserved 1048576K
}
Event: 25.574 GC heap before
{Heap before GC invocations=46 (full 0):
 garbage-first heap   total 458752K, used 143166K [0x0000000743a00000, 0x0000000800000000)
  region size 2048K, 11 young (22528K), 10 survivors (20480K)
 Metaspace       used 97830K, committed 98496K, reserved 1179648K
  class space    used 13310K, committed 13632K, reserved 1048576K
}
Event: 25.594 GC heap after
{Heap after GC invocations=47 (full 0):
 garbage-first heap   total 458752K, used 123941K [0x0000000743a00000, 0x0000000800000000)
  region size 2048K, 2 young (4096K), 2 survivors (4096K)
 Metaspace       used 97830K, committed 98496K, reserved 1179648K
  class space    used 13310K, committed 13632K, reserved 1048576K
}
Event: 29.410 GC heap before
{Heap before GC invocations=47 (full 0):
 garbage-first heap   total 458752K, used 283685K [0x0000000743a00000, 0x0000000800000000)
  region size 2048K, 80 young (163840K), 2 survivors (4096K)
 Metaspace       used 105043K, committed 105792K, reserved 1179648K
  class space    used 14365K, committed 14720K, reserved 1048576K
}
Event: 29.425 GC heap after
{Heap after GC invocations=48 (full 0):
 garbage-first heap   total 458752K, used 128661K [0x0000000743a00000, 0x0000000800000000)
  region size 2048K, 4 young (8192K), 4 survivors (8192K)
 Metaspace       used 105043K, committed 105792K, reserved 1179648K
  class space    used 14365K, committed 14720K, reserved 1048576K
}

